<?xml version="1.0" encoding="UTF-8" standalone="yes"?><!DOCTYPE report PUBLIC "-//JACOCO//DTD Report 1.0//EN" "report.dtd"><report name="Init Pipeline Jenkins Plugin"><sessioninfo id="CAT-MBP151-DM-2.local-8f51bb72" start="1552936148127" dump="1552936148856"/><sessioninfo id="CAT-MBP151-DM-2.local-fe09f73c" start="1552936148127" dump="1552936180875"/><sessioninfo id="CAT-MBP151-DM-2.local-55451864" start="1552936305325" dump="1552936305842"/><sessioninfo id="CAT-MBP151-DM-2.local-76d4288e" start="1552936305325" dump="1552936334131"/><sessioninfo id="CAT-MBP151-DM-2.local-26213dcd" start="1552936346970" dump="1552936347462"/><sessioninfo id="CAT-MBP151-DM-2.local-abd7de55" start="1552936346969" dump="1552936373238"/><sessioninfo id="CAT-MBP151-DM-2.local-a6e70e9d" start="1552937016646" dump="1552937017114"/><sessioninfo id="CAT-MBP151-DM-2.local-ce49825" start="1552937016646" dump="1552937045744"/><sessioninfo id="CAT-MBP151-DM-2.local-8df6981c" start="1552938715453" dump="1552938715895"/><sessioninfo id="CAT-MBP151-DM-2.local-e343a3f6" start="1552938715453" dump="1552938741108"/><sessioninfo id="CAT-MBP151-DM-2.local-e68cd6d3" start="1552940277766" dump="1552940278330"/><sessioninfo id="CAT-MBP151-DM-2.local-83073812" start="1552940277765" dump="1552940305158"/><sessioninfo id="CAT-MBP151-DM-2.local-c562357b" start="1552940340284" dump="1552940340641"/><sessioninfo id="CAT-MBP151-DM-2.local-bc28fe4c" start="1552940340281" dump="1552940366176"/><sessioninfo id="CAT-MBP151-DM-2.local-44f291a0" start="1553003600445" dump="1553003600899"/><sessioninfo id="CAT-MBP151-DM-2.local-c2180135" start="1553003600445" dump="1553003627321"/><sessioninfo id="CAT-MBP151-DM-2.local-ca0a5d7f" start="1555349809319" dump="1555349809901"/><sessioninfo id="CAT-MBP151-DM-2.local-ad6fd684" start="1555349809319" dump="1555349842776"/><sessioninfo id="CAT-MBP151-DM-2.local-777fdeb" start="1555351233702" dump="1555351234115"/><sessioninfo id="CAT-MBP151-DM-2.local-eede8609" start="1555351233709" dump="1555351263370"/><sessioninfo id="CAT-MBP151-DM-2.local-c40c1e65" start="1555351279434" dump="1555351280187"/><sessioninfo id="CAT-MBP151-DM-2.local-64246c69" start="1555351279435" dump="1555351306453"/><sessioninfo id="CAT-MBP151-DM-2.local-9d57f509" start="1555351573056" dump="1555351573441"/><sessioninfo id="CAT-MBP151-DM-2.local-3fe3fcba" start="1555351573051" dump="1555351599361"/><package name="org/jenkinsci/plugins/initpipeline"><class name="org/jenkinsci/plugins/initpipeline/InitPipeline$1"><method name="&lt;init&gt;" desc="(Lorg/jenkinsci/plugins/initpipeline/InitPipeline;Ljava/util/List;)V" line="208"><counter type="INSTRUCTION" missed="9" covered="0"/><counter type="LINE" missed="1" covered="0"/><counter type="COMPLEXITY" missed="1" covered="0"/><counter type="METHOD" missed="1" covered="0"/></method><method name="generateResponse" desc="(Lorg/kohsuke/stapler/StaplerRequest;Lorg/kohsuke/stapler/StaplerResponse;Ljava/lang/Object;)V" line="211"><counter type="INSTRUCTION" missed="43" covered="0"/><counter type="BRANCH" missed="4" covered="0"/><counter type="LINE" missed="10" covered="0"/><counter type="COMPLEXITY" missed="3" covered="0"/><counter type="METHOD" missed="1" covered="0"/></method><counter type="INSTRUCTION" missed="52" covered="0"/><counter type="BRANCH" missed="4" covered="0"/><counter type="LINE" missed="11" covered="0"/><counter type="COMPLEXITY" missed="4" covered="0"/><counter type="METHOD" missed="2" covered="0"/><counter type="CLASS" missed="1" covered="0"/></class><class name="org/jenkinsci/plugins/initpipeline/InitPipeline$CommitHookCause"><method name="&lt;init&gt;" desc="(Ljava/lang/String;)V" line="462"><counter type="INSTRUCTION" missed="6" covered="0"/><counter type="LINE" missed="3" covered="0"/><counter type="COMPLEXITY" missed="1" covered="0"/><counter type="METHOD" missed="1" covered="0"/></method><method name="getShortDescription" desc="()Ljava/lang/String;" line="468"><counter type="INSTRUCTION" missed="10" covered="0"/><counter type="LINE" missed="1" covered="0"/><counter type="COMPLEXITY" missed="1" covered="0"/><counter type="METHOD" missed="1" covered="0"/></method><counter type="INSTRUCTION" missed="16" covered="0"/><counter type="LINE" missed="4" covered="0"/><counter type="COMPLEXITY" missed="2" covered="0"/><counter type="METHOD" missed="2" covered="0"/><counter type="CLASS" missed="1" covered="0"/></class><class name="org/jenkinsci/plugins/initpipeline/InitPipeline$ScheduledResponseContributor"><method name="&lt;init&gt;" desc="(Lhudson/model/Item;)V" line="507"><counter type="INSTRUCTION" missed="6" covered="0"/><counter type="LINE" missed="3" covered="0"/><counter type="COMPLEXITY" missed="1" covered="0"/><counter type="METHOD" missed="1" covered="0"/></method><method name="addHeaders" desc="(Lorg/kohsuke/stapler/StaplerRequest;Lorg/kohsuke/stapler/StaplerResponse;)V" line="516"><counter type="INSTRUCTION" missed="7" covered="0"/><counter type="LINE" missed="2" covered="0"/><counter type="COMPLEXITY" missed="1" covered="0"/><counter type="METHOD" missed="1" covered="0"/></method><method name="writeBody" desc="(Ljava/io/PrintWriter;)V" line="524"><counter type="INSTRUCTION" missed="13" covered="0"/><counter type="LINE" missed="2" covered="0"/><counter type="COMPLEXITY" missed="1" covered="0"/><counter type="METHOD" missed="1" covered="0"/></method><counter type="INSTRUCTION" missed="26" covered="0"/><counter type="LINE" missed="7" covered="0"/><counter type="COMPLEXITY" missed="3" covered="0"/><counter type="METHOD" missed="3" covered="0"/><counter type="CLASS" missed="1" covered="0"/></class><class name="org/jenkinsci/plugins/initpipeline/InitPipeline$PollingScheduledResponseContributor"><method name="&lt;init&gt;" desc="(Lhudson/model/Item;)V" line="539"><counter type="INSTRUCTION" missed="6" covered="0"/><counter type="LINE" missed="3" covered="0"/><counter type="COMPLEXITY" missed="1" covered="0"/><counter type="METHOD" missed="1" covered="0"/></method><method name="addHeaders" desc="(Lorg/kohsuke/stapler/StaplerRequest;Lorg/kohsuke/stapler/StaplerResponse;)V" line="548"><counter type="INSTRUCTION" missed="7" covered="0"/><counter type="LINE" missed="2" covered="0"/><counter type="COMPLEXITY" missed="1" covered="0"/><counter type="METHOD" missed="1" covered="0"/></method><method name="writeBody" desc="(Ljava/io/PrintWriter;)V" line="556"><counter type="INSTRUCTION" missed="13" covered="0"/><counter type="LINE" missed="2" covered="0"/><counter type="COMPLEXITY" missed="1" covered="0"/><counter type="METHOD" missed="1" covered="0"/></method><counter type="INSTRUCTION" missed="26" covered="0"/><counter type="LINE" missed="7" covered="0"/><counter type="COMPLEXITY" missed="3" covered="0"/><counter type="METHOD" missed="3" covered="0"/><counter type="CLASS" missed="1" covered="0"/></class><class name="org/jenkinsci/plugins/initpipeline/InitPipeline$MessageResponseContributor"><method name="&lt;init&gt;" desc="(Ljava/lang/String;)V" line="483"><counter type="INSTRUCTION" missed="6" covered="0"/><counter type="LINE" missed="3" covered="0"/><counter type="COMPLEXITY" missed="1" covered="0"/><counter type="METHOD" missed="1" covered="0"/></method><method name="writeBody" desc="(Ljava/io/PrintWriter;)V" line="492"><counter type="INSTRUCTION" missed="5" covered="0"/><counter type="LINE" missed="2" covered="0"/><counter type="COMPLEXITY" missed="1" covered="0"/><counter type="METHOD" missed="1" covered="0"/></method><counter type="INSTRUCTION" missed="11" covered="0"/><counter type="LINE" missed="5" covered="0"/><counter type="COMPLEXITY" missed="2" covered="0"/><counter type="METHOD" missed="2" covered="0"/><counter type="CLASS" missed="1" covered="0"/></class><class name="org/jenkinsci/plugins/initpipeline/InitPipeline"><method name="&lt;init&gt;" desc="()V" line="86"><counter type="INSTRUCTION" missed="0" covered="21"/><counter type="LINE" missed="0" covered="7"/><counter type="COMPLEXITY" missed="0" covered="1"/><counter type="METHOD" missed="0" covered="1"/></method><method name="getDisplayName" desc="()Ljava/lang/String;" line="89"><counter type="INSTRUCTION" missed="0" covered="2"/><counter type="LINE" missed="0" covered="1"/><counter type="COMPLEXITY" missed="0" covered="1"/><counter type="METHOD" missed="0" covered="1"/></method><method name="getSearchUrl" desc="()Ljava/lang/String;" line="93"><counter type="INSTRUCTION" missed="0" covered="3"/><counter type="LINE" missed="0" covered="1"/><counter type="COMPLEXITY" missed="0" covered="1"/><counter type="METHOD" missed="0" covered="1"/></method><method name="getIconFileName" desc="()Ljava/lang/String;" line="98"><counter type="INSTRUCTION" missed="0" covered="2"/><counter type="LINE" missed="0" covered="1"/><counter type="COMPLEXITY" missed="0" covered="1"/><counter type="METHOD" missed="0" covered="1"/></method><method name="getUrlName" desc="()Ljava/lang/String;" line="102"><counter type="INSTRUCTION" missed="0" covered="2"/><counter type="LINE" missed="0" covered="1"/><counter type="COMPLEXITY" missed="0" covered="1"/><counter type="METHOD" missed="0" covered="1"/></method><method name="toString" desc="()Ljava/lang/String;" line="124"><counter type="INSTRUCTION" missed="137" covered="0"/><counter type="BRANCH" missed="16" covered="0"/><counter type="LINE" missed="28" covered="0"/><counter type="COMPLEXITY" missed="9" covered="0"/><counter type="METHOD" missed="1" covered="0"/></method><method name="doNotifyCommit" desc="(Ljavax/servlet/http/HttpServletRequest;Ljava/lang/String;Ljava/lang/String;Ljava/lang/String;)Lorg/kohsuke/stapler/HttpResponse;" line="166"><counter type="INSTRUCTION" missed="173" covered="0"/><counter type="BRANCH" missed="18" covered="0"/><counter type="LINE" missed="33" covered="0"/><counter type="COMPLEXITY" missed="10" covered="0"/><counter type="METHOD" missed="1" covered="0"/></method><method name="looselyMatches" desc="(Lorg/eclipse/jgit/transport/URIish;Lorg/eclipse/jgit/transport/URIish;)Z" line="225"><counter type="INSTRUCTION" missed="18" covered="0"/><counter type="BRANCH" missed="4" covered="0"/><counter type="LINE" missed="2" covered="0"/><counter type="COMPLEXITY" missed="3" covered="0"/><counter type="METHOD" missed="1" covered="0"/></method><method name="normalizePath" desc="(Ljava/lang/String;)Ljava/lang/String;" line="230"><counter type="INSTRUCTION" missed="34" covered="0"/><counter type="BRANCH" missed="6" covered="0"/><counter type="LINE" missed="4" covered="0"/><counter type="COMPLEXITY" missed="4" covered="0"/><counter type="METHOD" missed="1" covered="0"/></method><method name="onNotifyCommit" desc="(Lorg/eclipse/jgit/transport/URIish;Ljava/lang/String;Ljava/util/List;[Ljava/lang/String;)Ljava/util/List;" line="245"><counter type="INSTRUCTION" missed="532" covered="0"/><counter type="BRANCH" missed="66" covered="0"/><counter type="LINE" missed="98" covered="0"/><counter type="COMPLEXITY" missed="34" covered="0"/><counter type="METHOD" missed="1" covered="0"/></method><method name="getDefaultParametersValues" desc="(Lhudson/model/Job;)Ljava/util/ArrayList;" line="564"><counter type="INSTRUCTION" missed="46" covered="0"/><counter type="BRANCH" missed="6" covered="0"/><counter type="LINE" missed="13" covered="0"/><counter type="COMPLEXITY" missed="4" covered="0"/><counter type="METHOD" missed="1" covered="0"/></method><method name="instantiatePipeline" desc="()V" line="599"><counter type="INSTRUCTION" missed="85" covered="0"/><counter type="BRANCH" missed="6" covered="0"/><counter type="LINE" missed="22" covered="0"/><counter type="COMPLEXITY" missed="4" covered="0"/><counter type="METHOD" missed="1" covered="0"/></method><method name="checkDebug" desc="()V" line="640"><counter type="INSTRUCTION" missed="41" covered="0"/><counter type="BRANCH" missed="2" covered="0"/><counter type="LINE" missed="8" covered="0"/><counter type="COMPLEXITY" missed="2" covered="0"/><counter type="METHOD" missed="1" covered="0"/></method><method name="&lt;clinit&gt;" desc="()V" line="107"><counter type="INSTRUCTION" missed="0" covered="9"/><counter type="LINE" missed="0" covered="3"/><counter type="COMPLEXITY" missed="0" covered="1"/><counter type="METHOD" missed="0" covered="1"/></method><counter type="INSTRUCTION" missed="1066" covered="39"/><counter type="BRANCH" missed="124" covered="0"/><counter type="LINE" missed="208" covered="14"/><counter type="COMPLEXITY" missed="70" covered="6"/><counter type="METHOD" missed="8" covered="6"/><counter type="CLASS" missed="0" covered="1"/></class><sourcefile name="InitPipeline.java"><line nr="86" mi="0" ci="2" mb="0" cb="0"/><line nr="89" mi="0" ci="2" mb="0" cb="0"/><line nr="93" mi="0" ci="3" mb="0" cb="0"/><line nr="98" mi="0" ci="2" mb="0" cb="0"/><line nr="102" mi="0" ci="2" mb="0" cb="0"/><line nr="105" mi="0" ci="3" mb="0" cb="0"/><line nr="107" mi="0" ci="2" mb="0" cb="0"/><line nr="111" mi="0" ci="3" mb="0" cb="0"/><line nr="114" mi="0" ci="3" mb="0" cb="0"/><line nr="115" mi="0" ci="3" mb="0" cb="0"/><line nr="116" mi="0" ci="3" mb="0" cb="0"/><line nr="117" mi="0" ci="2" mb="0" cb="0"/><line nr="120" mi="0" ci="4" mb="0" cb="0"/><line nr="124" mi="4" ci="0" mb="0" cb="0"/><line nr="126" mi="4" ci="0" mb="0" cb="0"/><line nr="127" mi="5" ci="0" mb="0" cb="0"/><line nr="129" mi="3" ci="0" mb="2" cb="0"/><line nr="130" mi="4" ci="0" mb="0" cb="0"/><line nr="131" mi="5" ci="0" mb="0" cb="0"/><line nr="134" mi="3" ci="0" mb="2" cb="0"/><line nr="135" mi="4" ci="0" mb="0" cb="0"/><line nr="136" mi="5" ci="0" mb="0" cb="0"/><line nr="139" mi="7" ci="0" mb="4" cb="0"/><line nr="140" mi="4" ci="0" mb="0" cb="0"/><line nr="141" mi="11" ci="0" mb="2" cb="0"/><line nr="142" mi="5" ci="0" mb="0" cb="0"/><line nr="143" mi="4" ci="0" mb="0" cb="0"/><line nr="144" mi="5" ci="0" mb="0" cb="0"/><line nr="145" mi="4" ci="0" mb="0" cb="0"/><line nr="146" mi="1" ci="0" mb="0" cb="0"/><line nr="147" mi="9" ci="0" mb="0" cb="0"/><line nr="150" mi="5" ci="0" mb="4" cb="0"/><line nr="151" mi="4" ci="0" mb="0" cb="0"/><line nr="152" mi="10" ci="0" mb="2" cb="0"/><line nr="153" mi="5" ci="0" mb="0" cb="0"/><line nr="154" mi="4" ci="0" mb="0" cb="0"/><line nr="155" mi="5" ci="0" mb="0" cb="0"/><line nr="156" mi="4" ci="0" mb="0" cb="0"/><line nr="157" mi="1" ci="0" mb="0" cb="0"/><line nr="158" mi="9" ci="0" mb="0" cb="0"/><line nr="160" mi="3" ci="0" mb="0" cb="0"/><line nr="166" mi="3" ci="0" mb="0" cb="0"/><line nr="167" mi="2" ci="0" mb="0" cb="0"/><line nr="168" mi="3" ci="0" mb="0" cb="0"/><line nr="169" mi="3" ci="0" mb="0" cb="0"/><line nr="170" mi="3" ci="0" mb="0" cb="0"/><line nr="171" mi="2" ci="0" mb="0" cb="0"/><line nr="173" mi="4" ci="0" mb="0" cb="0"/><line nr="176" mi="5" ci="0" mb="0" cb="0"/><line nr="177" mi="1" ci="0" mb="0" cb="0"/><line nr="178" mi="15" ci="0" mb="0" cb="0"/><line nr="179" mi="1" ci="0" mb="0" cb="0"/><line nr="180" mi="2" ci="0" mb="0" cb="0"/><line nr="181" mi="3" ci="0" mb="0" cb="0"/><line nr="182" mi="11" ci="0" mb="2" cb="0"/><line nr="183" mi="6" ci="0" mb="2" cb="0"/><line nr="184" mi="4" ci="0" mb="0" cb="0"/><line nr="185" mi="18" ci="0" mb="6" cb="0"/><line nr="186" mi="6" ci="0" mb="2" cb="0"/><line nr="187" mi="14" ci="0" mb="0" cb="0"/><line nr="188" mi="1" ci="0" mb="0" cb="0"/><line nr="189" mi="3" ci="0" mb="0" cb="0"/><line nr="190" mi="3" ci="0" mb="0" cb="0"/><line nr="193" mi="2" ci="0" mb="2" cb="0"/><line nr="194" mi="4" ci="0" mb="0" cb="0"/><line nr="196" mi="4" ci="0" mb="0" cb="0"/><line nr="199" mi="4" ci="0" mb="0" cb="0"/><line nr="200" mi="2" ci="0" mb="0" cb="0"/><line nr="201" mi="2" ci="0" mb="2" cb="0"/><line nr="202" mi="14" ci="0" mb="0" cb="0"/><line nr="204" mi="12" ci="0" mb="2" cb="0"/><line nr="205" mi="9" ci="0" mb="0" cb="0"/><line nr="206" mi="1" ci="0" mb="0" cb="0"/><line nr="208" mi="15" ci="0" mb="0" cb="0"/><line nr="211" mi="3" ci="0" mb="0" cb="0"/><line nr="212" mi="3" ci="0" mb="0" cb="0"/><line nr="213" mi="11" ci="0" mb="2" cb="0"/><line nr="214" mi="4" ci="0" mb="0" cb="0"/><line nr="215" mi="1" ci="0" mb="0" cb="0"/><line nr="216" mi="3" ci="0" mb="0" cb="0"/><line nr="217" mi="11" ci="0" mb="2" cb="0"/><line nr="218" mi="5" ci="0" mb="0" cb="0"/><line nr="219" mi="1" ci="0" mb="0" cb="0"/><line nr="220" mi="1" ci="0" mb="0" cb="0"/><line nr="225" mi="8" ci="0" mb="2" cb="0"/><line nr="226" mi="10" ci="0" mb="2" cb="0"/><line nr="230" mi="8" ci="0" mb="2" cb="0"/><line nr="231" mi="12" ci="0" mb="2" cb="0"/><line nr="232" mi="12" ci="0" mb="2" cb="0"/><line nr="233" mi="2" ci="0" mb="0" cb="0"/><line nr="245" mi="4" ci="0" mb="2" cb="0"/><line nr="246" mi="19" ci="0" mb="0" cb="0"/><line nr="249" mi="2" ci="0" mb="0" cb="0"/><line nr="250" mi="5" ci="0" mb="0" cb="0"/><line nr="251" mi="4" ci="0" mb="0" cb="0"/><line nr="255" mi="3" ci="0" mb="0" cb="0"/><line nr="258" mi="2" ci="0" mb="0" cb="0"/><line nr="259" mi="2" ci="0" mb="0" cb="0"/><line nr="260" mi="2" ci="0" mb="0" cb="0"/><line nr="261" mi="2" ci="0" mb="2" cb="0"/><line nr="262" mi="3" ci="0" mb="0" cb="0"/><line nr="263" mi="4" ci="0" mb="0" cb="0"/><line nr="265" mi="11" ci="0" mb="2" cb="0"/><line nr="266" mi="3" ci="0" mb="0" cb="0"/><line nr="267" mi="2" ci="0" mb="2" cb="0"/><line nr="268" mi="1" ci="0" mb="0" cb="0"/><line nr="271" mi="11" ci="0" mb="2" cb="0"/><line nr="272" mi="3" ci="0" mb="2" cb="0"/><line nr="273" mi="1" ci="0" mb="0" cb="0"/><line nr="275" mi="3" ci="0" mb="0" cb="0"/><line nr="277" mi="2" ci="0" mb="0" cb="0"/><line nr="279" mi="11" ci="0" mb="2" cb="0"/><line nr="280" mi="2" ci="0" mb="0" cb="0"/><line nr="281" mi="2" ci="0" mb="0" cb="0"/><line nr="282" mi="2" ci="0" mb="0" cb="0"/><line nr="283" mi="11" ci="0" mb="2" cb="0"/><line nr="284" mi="4" ci="0" mb="2" cb="0"/><line nr="285" mi="2" ci="0" mb="0" cb="0"/><line nr="286" mi="2" ci="0" mb="0" cb="0"/><line nr="287" mi="1" ci="0" mb="0" cb="0"/><line nr="289" mi="1" ci="0" mb="0" cb="0"/><line nr="291" mi="7" ci="0" mb="4" cb="0"/><line nr="292" mi="1" ci="0" mb="0" cb="0"/><line nr="295" mi="3" ci="0" mb="0" cb="0"/><line nr="296" mi="5" ci="0" mb="4" cb="0"/><line nr="297" mi="11" ci="0" mb="0" cb="0"/><line nr="298" mi="1" ci="0" mb="0" cb="0"/><line nr="301" mi="2" ci="0" mb="0" cb="0"/><line nr="302" mi="2" ci="0" mb="0" cb="0"/><line nr="303" mi="3" ci="0" mb="2" cb="0"/><line nr="304" mi="3" ci="0" mb="0" cb="0"/><line nr="307" mi="11" ci="0" mb="2" cb="0"/><line nr="308" mi="5" ci="0" mb="2" cb="0"/><line nr="310" mi="4" ci="0" mb="2" cb="0"/><line nr="311" mi="13" ci="0" mb="0" cb="0"/><line nr="313" mi="2" ci="0" mb="0" cb="0"/><line nr="314" mi="3" ci="0" mb="0" cb="0"/><line nr="316" mi="16" ci="0" mb="2" cb="0"/><line nr="317" mi="14" ci="0" mb="2" cb="0"/><line nr="318" mi="4" ci="0" mb="2" cb="0"/><line nr="319" mi="16" ci="0" mb="0" cb="0"/><line nr="320" mi="5" ci="0" mb="0" cb="0"/><line nr="322" mi="2" ci="0" mb="0" cb="0"/><line nr="323" mi="1" ci="0" mb="0" cb="0"/><line nr="327" mi="1" ci="0" mb="0" cb="0"/><line nr="329" mi="3" ci="0" mb="2" cb="0"/><line nr="330" mi="2" ci="0" mb="0" cb="0"/><line nr="331" mi="7" ci="0" mb="4" cb="0"/><line nr="333" mi="3" ci="0" mb="2" cb="0"/><line nr="334" mi="4" ci="0" mb="0" cb="0"/><line nr="335" mi="10" ci="0" mb="2" cb="0"/><line nr="336" mi="5" ci="0" mb="0" cb="0"/><line nr="337" mi="1" ci="0" mb="0" cb="0"/><line nr="339" mi="5" ci="0" mb="0" cb="0"/><line nr="340" mi="10" ci="0" mb="2" cb="0"/><line nr="341" mi="5" ci="0" mb="2" cb="0"/><line nr="342" mi="4" ci="0" mb="0" cb="0"/><line nr="344" mi="1" ci="0" mb="0" cb="0"/><line nr="346" mi="5" ci="0" mb="4" cb="0"/><line nr="351" mi="16" ci="0" mb="0" cb="0"/><line nr="371" mi="11" ci="0" mb="0" cb="0"/><line nr="384" mi="1" ci="0" mb="0" cb="0"/><line nr="390" mi="1" ci="0" mb="0" cb="0"/><line nr="391" mi="1" ci="0" mb="0" cb="0"/><line nr="398" mi="2" ci="0" mb="2" cb="0"/><line nr="399" mi="17" ci="0" mb="0" cb="0"/><line nr="400" mi="3" ci="0" mb="0" cb="0"/><line nr="402" mi="4" ci="0" mb="0" cb="0"/><line nr="407" mi="2" ci="0" mb="0" cb="0"/><line nr="409" mi="4" ci="0" mb="2" cb="0"/><line nr="410" mi="18" ci="0" mb="0" cb="0"/><line nr="412" mi="17" ci="0" mb="0" cb="0"/><line nr="418" mi="3" ci="0" mb="0" cb="0"/><line nr="420" mi="2" ci="0" mb="2" cb="0"/><line nr="421" mi="17" ci="0" mb="0" cb="0"/><line nr="422" mi="3" ci="0" mb="0" cb="0"/><line nr="424" mi="4" ci="0" mb="0" cb="0"/><line nr="429" mi="2" ci="0" mb="0" cb="0"/><line nr="431" mi="4" ci="0" mb="2" cb="0"/><line nr="432" mi="18" ci="0" mb="0" cb="0"/><line nr="434" mi="17" ci="0" mb="0" cb="0"/><line nr="440" mi="2" ci="0" mb="0" cb="0"/><line nr="443" mi="4" ci="0" mb="0" cb="0"/><line nr="444" mi="17" ci="0" mb="0" cb="0"/><line nr="445" mi="2" ci="0" mb="0" cb="0"/><line nr="446" mi="4" ci="0" mb="0" cb="0"/><line nr="448" mi="7" ci="0" mb="0" cb="0"/><line nr="449" mi="2" ci="0" mb="0" cb="0"/><line nr="462" mi="2" ci="0" mb="0" cb="0"/><line nr="463" mi="3" ci="0" mb="0" cb="0"/><line nr="464" mi="1" ci="0" mb="0" cb="0"/><line nr="468" mi="10" ci="0" mb="0" cb="0"/><line nr="483" mi="2" ci="0" mb="0" cb="0"/><line nr="484" mi="3" ci="0" mb="0" cb="0"/><line nr="485" mi="1" ci="0" mb="0" cb="0"/><line nr="492" mi="4" ci="0" mb="0" cb="0"/><line nr="493" mi="1" ci="0" mb="0" cb="0"/><line nr="507" mi="2" ci="0" mb="0" cb="0"/><line nr="508" mi="3" ci="0" mb="0" cb="0"/><line nr="509" mi="1" ci="0" mb="0" cb="0"/><line nr="516" mi="6" ci="0" mb="0" cb="0"/><line nr="517" mi="1" ci="0" mb="0" cb="0"/><line nr="524" mi="12" ci="0" mb="0" cb="0"/><line nr="525" mi="1" ci="0" mb="0" cb="0"/><line nr="539" mi="2" ci="0" mb="0" cb="0"/><line nr="540" mi="3" ci="0" mb="0" cb="0"/><line nr="541" mi="1" ci="0" mb="0" cb="0"/><line nr="548" mi="6" ci="0" mb="0" cb="0"/><line nr="549" mi="1" ci="0" mb="0" cb="0"/><line nr="556" mi="12" ci="0" mb="0" cb="0"/><line nr="557" mi="1" ci="0" mb="0" cb="0"/><line nr="560" mi="0" ci="5" mb="0" cb="0"/><line nr="564" mi="5" ci="0" mb="0" cb="0"/><line nr="566" mi="2" ci="0" mb="2" cb="0"/><line nr="567" mi="3" ci="0" mb="0" cb="0"/><line nr="568" mi="6" ci="0" mb="0" cb="0"/><line nr="570" mi="1" ci="0" mb="0" cb="0"/><line nr="571" mi="4" ci="0" mb="0" cb="0"/><line nr="572" mi="2" ci="0" mb="0" cb="0"/><line nr="576" mi="11" ci="0" mb="2" cb="0"/><line nr="577" mi="3" ci="0" mb="0" cb="0"/><line nr="579" mi="2" ci="0" mb="2" cb="0"/><line nr="580" mi="4" ci="0" mb="0" cb="0"/><line nr="582" mi="1" ci="0" mb="0" cb="0"/><line nr="584" mi="2" ci="0" mb="0" cb="0"/><line nr="599" mi="3" ci="0" mb="0" cb="0"/><line nr="601" mi="21" ci="0" mb="0" cb="0"/><line nr="605" mi="3" ci="0" mb="0" cb="0"/><line nr="606" mi="3" ci="0" mb="0" cb="0"/><line nr="607" mi="5" ci="0" mb="0" cb="0"/><line nr="608" mi="5" ci="0" mb="0" cb="0"/><line nr="612" mi="5" ci="0" mb="2" cb="0"/><line nr="613" mi="4" ci="0" mb="2" cb="0"/><line nr="614" mi="12" ci="0" mb="0" cb="0"/><line nr="617" mi="1" ci="0" mb="0" cb="0"/><line nr="618" mi="2" ci="0" mb="0" cb="0"/><line nr="619" mi="1" ci="0" mb="0" cb="0"/><line nr="621" mi="3" ci="0" mb="0" cb="0"/><line nr="622" mi="1" ci="0" mb="0" cb="0"/><line nr="623" mi="2" ci="0" mb="0" cb="0"/><line nr="624" mi="1" ci="0" mb="0" cb="0"/><line nr="625" mi="1" ci="0" mb="0" cb="0"/><line nr="626" mi="2" ci="0" mb="0" cb="0"/><line nr="627" mi="1" ci="0" mb="0" cb="0"/><line nr="628" mi="4" ci="0" mb="2" cb="0"/><line nr="629" mi="4" ci="0" mb="0" cb="0"/><line nr="632" mi="1" ci="0" mb="0" cb="0"/><line nr="640" mi="3" ci="0" mb="0" cb="0"/><line nr="641" mi="9" ci="0" mb="0" cb="0"/><line nr="643" mi="5" ci="0" mb="0" cb="0"/><line nr="644" mi="3" ci="0" mb="2" cb="0"/><line nr="645" mi="13" ci="0" mb="0" cb="0"/><line nr="646" mi="4" ci="0" mb="0" cb="0"/><line nr="648" mi="3" ci="0" mb="0" cb="0"/><line nr="650" mi="1" ci="0" mb="0" cb="0"/><counter type="INSTRUCTION" missed="1197" covered="39"/><counter type="BRANCH" missed="128" covered="0"/><counter type="LINE" missed="241" covered="14"/><counter type="COMPLEXITY" missed="84" covered="6"/><counter type="METHOD" missed="20" covered="6"/><counter type="CLASS" missed="5" covered="1"/></sourcefile><counter type="INSTRUCTION" missed="1197" covered="39"/><counter type="BRANCH" missed="128" covered="0"/><counter type="LINE" missed="241" covered="14"/><counter type="COMPLEXITY" missed="84" covered="6"/><counter type="METHOD" missed="20" covered="6"/><counter type="CLASS" missed="5" covered="1"/></package><counter type="INSTRUCTION" missed="1197" covered="39"/><counter type="BRANCH" missed="128" covered="0"/><counter type="LINE" missed="241" covered="14"/><counter type="COMPLEXITY" missed="84" covered="6"/><counter type="METHOD" missed="20" covered="6"/><counter type="CLASS" missed="5" covered="1"/></report>